<?xml version="1.0" encoding="UTF-8"?>
<!-- Generated by org.testng.reporters.JUnitXMLReporter -->
<testsuite hostname="Surjits-Acer-TravelMate-TMP449-G2-M" ignored="0" name="AssignLeaveModule" tests="1" failures="1" timestamp="2021-01-09T19:05:49 BDT" time="0.009" errors="0">
  <testcase name="assignLeaveTest" time="0.0" classname="com.bitm.SeleniumOnlineProject3.Test.AssignLeaveTest">
    <failure type="org.testng.TestNGException" message="
Method public void com.bitm.SeleniumOnlineProject3.Test.AssignLeaveTest.assignLeaveTest(java.util.List) requires a @DataProvider named : assignleavedata in class com.bitm.SeleniumOnlineProject3.DataProvider.AssignLeaveDataProvider">
      <![CDATA[org.testng.TestNGException: 
Method public void com.bitm.SeleniumOnlineProject3.Test.AssignLeaveTest.assignLeaveTest(java.util.List) requires a @DataProvider named : assignleavedata in class com.bitm.SeleniumOnlineProject3.DataProvider.AssignLeaveDataProvider
at java.util.ArrayList.forEach(ArrayList.java:1257)
... Removed 24 stack frames]]>
    </failure>
  </testcase> <!-- assignLeaveTest -->
</testsuite> <!-- AssignLeaveModule -->
