<?xml version="1.0" encoding="UTF-8"?>
<!-- Generated by org.testng.reporters.JUnitXMLReporter -->
<testsuite hostname="Surjits-Acer-TravelMate-TMP449-G2-M" ignored="0" name="LoginModule" tests="2" failures="0" timestamp="2021-01-09T19:21:40 BDT" time="19.816" errors="0">
  <testcase name="homepagetitleverify" time="12.176" classname="com.bitm.SeleniumOnlineProject3.Test.LoginTest"/>
  <testcase name="logintest" time="6.665" classname="com.bitm.SeleniumOnlineProject3.Test.LoginTest"/>
</testsuite> <!-- LoginModule -->
