<?xml version="1.0" encoding="UTF-8"?>
<!-- Generated by org.testng.reporters.JUnitXMLReporter -->
<testsuite hostname="Surjits-Acer-TravelMate-TMP449-G2-M" ignored="0" name="LoginModule" tests="2" failures="0" timestamp="2021-01-15T19:38:20 BDT" time="50.056" errors="0">
  <testcase name="homepagetitleverify" time="33.825" classname="com.bitm.SeleniumOnlineProject3.Test.LoginTest"/>
  <testcase name="logintest" time="14.995" classname="com.bitm.SeleniumOnlineProject3.Test.LoginTest"/>
</testsuite> <!-- LoginModule -->
