<?xml version="1.0" encoding="UTF-8"?>
<!-- Generated by org.testng.reporters.JUnitXMLReporter -->
<testsuite hostname="Surjits-Acer-TravelMate-TMP449-G2-M" ignored="0" name="Default test" tests="2" failures="0" timestamp="2021-01-09T19:27:26 BDT" time="17.42" errors="0">
  <testcase name="homepagetitleverify" time="11.343" classname="com.bitm.SeleniumOnlineProject3.Test.LoginTest"/>
  <testcase name="logintest" time="4.891" classname="com.bitm.SeleniumOnlineProject3.Test.LoginTest"/>
</testsuite> <!-- Default test -->
